{
  "RSpec": {
    "coverage": {
      "/home/santos/projects/fec/notebook/app/helpers/application_helper.rb": {
        "lines": [
          1,
          null
        ]
      },
      "/home/santos/projects/fec/notebook/app/helpers/computers_helper.rb": {
        "lines": [
          1,
          null
        ]
      },
      "/home/santos/projects/fec/notebook/app/models/emprestimo.rb": {
        "lines": [
          1,
          null,
          1,
          null,
          null,
          1,
          1,
          1,
          1,
          null,
          null,
          3,
          3,
          2,
          null,
          null,
          1,
          2,
          null,
          null,
          1,
          2,
          null,
          null,
          1,
          2,
          1,
          null,
          null,
          1,
          null,
          1,
          14,
          1,
          null,
          null,
          null
        ]
      },
      "/home/santos/projects/fec/notebook/app/models/application_record.rb": {
        "lines": [
          1,
          1,
          null
        ]
      },
      "/home/santos/projects/fec/notebook/app/models/historico_status_notebook.rb": {
        "lines": [
          1,
          null,
          1,
          null,
          null,
          1,
          null,
          null,
          1,
          1,
          null,
          null,
          2,
          null,
          null,
          1,
          3,
          null,
          1,
          null,
          1,
          null,
          1,
          null,
          null,
          null
        ]
      },
      "/home/santos/projects/fec/notebook/app/models/notebook.rb": {
        "lines": [
          1,
          null,
          1,
          null,
          null,
          1,
          1,
          1,
          null,
          null,
          1,
          1,
          1,
          1,
          1,
          1,
          1,
          1,
          null,
          null,
          1,
          1,
          null,
          null,
          3,
          3,
          3,
          3,
          null,
          null,
          1,
          5,
          null,
          null,
          null,
          null,
          null,
          null,
          null,
          null,
          1,
          38,
          null,
          null,
          1,
          3,
          null,
          null,
          1,
          16,
          null,
          14,
          14,
          14,
          null,
          null,
          null,
          null,
          null,
          14,
          null,
          0,
          null,
          null,
          1,
          4,
          null,
          3,
          3,
          null,
          3,
          3,
          3,
          null,
          null,
          null,
          null,
          null,
          3,
          null,
          0,
          0,
          null,
          null,
          1,
          4,
          null,
          3,
          3,
          null,
          3,
          3,
          3,
          null,
          null,
          null,
          null,
          null,
          3,
          null,
          0,
          0,
          null,
          null,
          1,
          null,
          1,
          69,
          null,
          null,
          null,
          null,
          null,
          null,
          1,
          21,
          null,
          null,
          null,
          null,
          null,
          null,
          1,
          21,
          null,
          15,
          null,
          3,
          3,
          null,
          3,
          null,
          null,
          null,
          1,
          108,
          2,
          1,
          null,
          null,
          null
        ]
      },
      "/home/santos/projects/fec/notebook/app/controllers/application_controller.rb": {
        "lines": [
          0,
          null,
          0,
          0
        ],
        "branches": {}
      },
      "/home/santos/projects/fec/notebook/app/controllers/notebooks_controller.rb": {
        "lines": [
          0,
          0,
          null,
          0,
          0,
          0,
          0,
          null,
          0,
          0,
          0,
          0,
          null,
          0,
          0,
          0,
          null,
          0,
          0,
          null,
          0,
          0,
          0,
          0,
          0,
          0,
          null,
          0,
          0,
          null,
          0,
          0,
          0,
          0,
          0,
          0,
          0,
          null,
          0,
          0,
          0,
          0,
          0,
          0,
          0,
          0,
          0,
          0,
          0,
          0,
          0,
          0,
          0,
          null,
          0,
          0,
          0,
          0,
          0,
          0,
          0,
          0,
          0,
          null,
          0,
          0,
          0,
          0,
          0,
          0,
          0,
          0,
          0,
          null,
          0,
          0,
          0,
          0,
          0,
          0,
          0,
          0,
          0,
          null,
          0,
          0,
          0,
          0,
          0,
          null,
          0,
          null,
          0,
          0,
          0,
          null,
          0,
          0,
          0,
          0,
          0,
          0,
          0
        ],
        "branches": {}
      },
      "/home/santos/projects/fec/notebook/app/jobs/application_job.rb": {
        "lines": [
          0,
          null,
          null,
          null,
          null,
          null,
          0
        ],
        "branches": {}
      },
      "/home/santos/projects/fec/notebook/app/mailers/application_mailer.rb": {
        "lines": [
          0,
          0,
          0,
          0
        ],
        "branches": {}
      }
    },
    "timestamp": 1751935597
  }
}
