{
  "RSpec": {
    "coverage": {
      "/home/santos/projects/fec/notebook/app/helpers/application_helper.rb": {
        "lines": [
          1,
          null
        ]
      },
      "/home/santos/projects/fec/notebook/app/helpers/computers_helper.rb": {
        "lines": [
          1,
          null
        ]
      },
      "/home/santos/projects/fec/notebook/app/controllers/notebooks_controller.rb": {
        "lines": [
          1,
          1,
          null,
          1,
          null,
          10,
          10,
          10,
          null,
          null,
          10,
          null,
          10,
          null,
          null,
          null,
          null,
          null,
          null,
          null,
          10,
          1,
          1,
          1,
          null,
          null,
          null,
          10,
          4,
          4,
          4,
          null,
          null,
          10,
          null,
          null,
          1,
          10,
          10,
          null,
          null,
          1,
          1,
          null,
          null,
          1,
          1,
          null,
          1,
          1,
          null,
          0,
          null,
          null,
          null,
          1,
          null,
          null,
          1,
          1,
          1,
          null,
          0,
          null,
          null,
          null,
          1,
          1,
          1,
          1,
          null,
          0,
          0,
          0,
          0,
          null,
          0,
          null,
          0,
          null,
          null,
          null,
          1,
          4,
          2,
          2,
          null,
          0,
          null,
          null,
          null,
          null,
          1,
          2,
          1,
          1,
          null,
          0,
          null,
          null,
          null,
          null,
          1,
          2,
          1,
          1,
          null,
          0,
          null,
          null,
          null,
          null,
          1,
          0,
          0,
          null,
          null,
          null,
          null,
          0,
          null,
          null,
          null,
          null,
          null,
          1,
          null,
          1,
          21,
          null,
          null,
          1,
          2,
          null,
          null,
          null,
          null,
          null
        ]
      },
      "/home/santos/projects/fec/notebook/app/controllers/application_controller.rb": {
        "lines": [
          1,
          null,
          1,
          null
        ]
      },
      "/home/santos/projects/fec/notebook/app/models/notebook.rb": {
        "lines": [
          1,
          null,
          1,
          null,
          null,
          1,
          1,
          1,
          null,
          null,
          1,
          1,
          1,
          1,
          1,
          1,
          1,
          1,
          null,
          null,
          1,
          1,
          null,
          null,
          11,
          11,
          11,
          1,
          null,
          null,
          1,
          1,
          null,
          1,
          null,
          null,
          null,
          null,
          null,
          null,
          null,
          null,
          null,
          null,
          1,
          61,
          null,
          null,
          1,
          11,
          null,
          null,
          1,
          5,
          null,
          5,
          5,
          5,
          null,
          null,
          null,
          null,
          null,
          5,
          null,
          0,
          null,
          null,
          1,
          1,
          null,
          1,
          1,
          null,
          1,
          1,
          1,
          null,
          null,
          null,
          null,
          null,
          1,
          null,
          0,
          0,
          null,
          null,
          1,
          1,
          null,
          1,
          1,
          null,
          1,
          1,
          1,
          null,
          null,
          null,
          null,
          null,
          1,
          null,
          0,
          0,
          null,
          null,
          1,
          null,
          1,
          8,
          null,
          null,
          null,
          null,
          null,
          null,
          1,
          7,
          null,
          null,
          null,
          null,
          null,
          null,
          1,
          7,
          null,
          5,
          null,
          1,
          1,
          null,
          1,
          null,
          null,
          null,
          1,
          16,
          0,
          0,
          null,
          null,
          null
        ]
      },
      "/home/santos/projects/fec/notebook/app/models/application_record.rb": {
        "lines": [
          1,
          1,
          null
        ]
      },
      "/home/santos/projects/fec/notebook/app/models/historico_status_notebook.rb": {
        "lines": [
          1,
          null,
          1,
          null,
          null,
          1,
          null,
          null,
          1,
          1,
          null,
          null,
          11,
          null,
          null,
          1,
          21,
          null,
          13,
          null,
          7,
          null,
          1,
          null,
          null,
          null
        ]
      },
      "/home/santos/projects/fec/notebook/app/models/emprestimo.rb": {
        "lines": [
          1,
          null,
          1,
          null,
          null,
          1,
          1,
          1,
          1,
          null,
          null,
          1,
          1,
          11,
          null,
          null,
          1,
          0,
          null,
          null,
          1,
          0,
          null,
          null,
          1,
          0,
          0,
          null,
          null,
          1,
          null,
          1,
          2,
          0,
          null,
          null,
          null
        ]
      },
      "/home/santos/projects/fec/notebook/app/jobs/application_job.rb": {
        "lines": [
          0,
          null,
          null,
          null,
          null,
          null,
          0
        ],
        "branches": {}
      },
      "/home/santos/projects/fec/notebook/app/mailers/application_mailer.rb": {
        "lines": [
          0,
          0,
          0,
          0
        ],
        "branches": {}
      }
    },
    "timestamp": 1751947652
  }
}
